<?xml version="1.0" encoding="UTF-8"?>
<!-- Generated by org.testng.reporters.JUnitXMLReporter -->
<testsuite hostname="DESKTOP-6H7S8F8" ignored="0" tests="30" failures="0" timestamp="05 июн 2017 12:55:11 GMT" time="1.466" errors="0">
  <testcase name="testAddStart_0" time="0.078" classname="LListTest1NG"/>
  <testcase name="testAddStart_0" time="0.006" classname="LListTest1NG"/>
  <testcase name="testAddStart_0" time="0.008" classname="LListTest1NG"/>
  <testcase name="testAddStart_1" time="0.004" classname="LListTest1NG"/>
  <testcase name="testAddStart_1" time="0.012" classname="LListTest1NG"/>
  <testcase name="testAddStart_1" time="0.024" classname="LListTest1NG"/>
  <testcase name="testAddStart_2" time="0.01" classname="LListTest1NG"/>
  <testcase name="testAddStart_2" time="0.018" classname="LListTest1NG"/>
  <testcase name="testAddStart_2" time="0.065" classname="LListTest1NG"/>
  <testcase name="testAddStart_many" time="0.008" classname="LListTest1NG"/>
  <testcase name="testAddStart_many" time="0.003" classname="LListTest1NG"/>
  <testcase name="testAddStart_many" time="0.003" classname="LListTest1NG"/>
  <testcase name="testInt_0" time="0.004" classname="LListTest1NG"/>
  <testcase name="testInt_0" time="0.007" classname="LListTest1NG"/>
  <testcase name="testInt_0" time="0.124" classname="LListTest1NG"/>
  <testcase name="testInt_1" time="0.002" classname="LListTest1NG"/>
  <testcase name="testInt_1" time="0.009" classname="LListTest1NG"/>
  <testcase name="testInt_1" time="0.005" classname="LListTest1NG"/>
  <testcase name="testInt_constr" time="0.092" classname="LListTest1NG"/>
  <testcase name="testInt_constr" time="0.003" classname="LListTest1NG"/>
  <testcase name="testInt_constr" time="0.002" classname="LListTest1NG"/>
  <testcase name="testInt_null" time="0.005" classname="LListTest1NG"/>
  <testcase name="testInt_null" time="0.004" classname="LListTest1NG"/>
  <testcase name="testInt_null" time="0.002" classname="LListTest1NG"/>
  <testcase name="testToArray_2" time="0.002" classname="LListTest1NG"/>
  <testcase name="testToArray_2" time="0.003" classname="LListTest1NG"/>
  <testcase name="testToArray_2" time="0.006" classname="LListTest1NG"/>
  <testcase name="testToArray_many" time="0.012" classname="LListTest1NG"/>
  <testcase name="testToArray_many" time="0.026" classname="LListTest1NG"/>
  <testcase name="testToArray_many" time="0.004" classname="LListTest1NG"/>
</testsuite>
